<?xml version="1.0" encoding="UTF-8"?>
<!-- Generated by org.testng.reporters.JUnitReportReporter -->
<testsuite hostname="LAPTOP-MQBV8I92" failures="0" tests="3" name="testcases.LoginTestCase" time="11.019" errors="0" timestamp="2023-07-19T11:16:05 IST" skipped="0">
  <testcase classname="testcases.LoginTestCase" name="verifyLogin" time="4.113"/>
  <testcase classname="testcases.LoginTestCase" name="verifyLogin" time="3.545"/>
  <testcase classname="testcases.LoginTestCase" name="verifyLogin" time="3.361"/>
</testsuite> <!-- testcases.LoginTestCase -->
