<?xml version="1.0" encoding="UTF-8"?>
<!-- Generated by org.testng.reporters.JUnitReportReporter -->
<testsuite hostname="LAPTOP-MQBV8I92" failures="0" tests="1" name="testcases.SignupTestCase" time="9.374" errors="0" timestamp="2023-07-19T11:16:05 IST" skipped="0">
  <testcase classname="testcases.SignupTestCase" name="verifySignup" time="9.374"/>
</testsuite> <!-- testcases.SignupTestCase -->
