<?xml version="1.0" encoding="UTF-8"?>
<!-- Generated by org.testng.reporters.JUnitReportReporter -->
<testsuite hostname="LAPTOP-MQBV8I92" failures="0" tests="1" name="demo1.test1" time="0.009" errors="0" timestamp="2023-07-14T19:47:18 IST" skipped="0">
  <testcase classname="demo1.test1" name="method" time="0.009"/>
</testsuite> <!-- demo1.test1 -->
